<?xml version="1.0" encoding="UTF-8"?>
<!-- Generated by org.testng.reporters.JUnitXMLReporter -->
<testsuite ignored="2" hostname="DESKTOP-O326E1U" failures="0" tests="1" name="my monster tet chrome" time="15.859" errors="0" timestamp="18 Feb 2020 21:02:55 GMT">
  <testcase classname="com.myTest.BaseTest" name="@BeforeMethod setUpTest" time="15.693">
    <failure type="org.openqa.selenium.SessionNotCreatedException" message="session not created: This version of ChromeDriver only supports Chrome version 80
Build info: version: &amp;apos;3.141.59&amp;apos;, revision: &amp;apos;e82be7d358&amp;apos;, time: &amp;apos;2018-11-14T08:17:03&amp;apos;
System info: host: &amp;apos;DESKTOP-O326E1U&amp;apos;, ip: &amp;apos;192.168.0.38&amp;apos;, os.name: &amp;apos;Windows 10&amp;apos;, os.arch: &amp;apos;amd64&amp;apos;, os.version: &amp;apos;10.0&amp;apos;, java.version: &amp;apos;13.0.1&amp;apos;
Driver info: driver.version: ChromeDriver
remote stacktrace: Backtrace:
	Ordinal0 [0x00480C83+1707139]
	Ordinal0 [0x003E68F1+1075441]
	Ordinal0 [0x0035DFC9+516041]
	Ordinal0 [0x002F0554+66900]
	Ordinal0 [0x002ECCE2+52450]
	Ordinal0 [0x0030BFD7+180183]
	Ordinal0 [0x0030BDDD+179677]
	Ordinal0 [0x00309D4B+171339]
	Ordinal0 [0x002F1D4A+73034]
	Ordinal0 [0x002F2DC0+77248]
	Ordinal0 [0x002F2D59+77145]
	Ordinal0 [0x003FBB67+1162087]
	GetHandleVerifier [0x0051A966+508998]
	GetHandleVerifier [0x0051A6A4+508292]
	GetHandleVerifier [0x0052F7B7+594583]
	GetHandleVerifier [0x0051B1D6+511158]
	Ordinal0 [0x003F402C+1130540]
	Ordinal0 [0x003FD4CB+1168587]
	Ordinal0 [0x003FD633+1168947]
	Ordinal0 [0x00415B35+1268533]
	BaseThreadInitThunk [0x75366359+25]
	RtlGetAppContainerNamedObjectPath [0x77B27B74+228]
	RtlGetAppContainerNamedObjectPath [0x77B27B44+180]
">
      <![CDATA[org.openqa.selenium.SessionNotCreatedException: session not created: This version of ChromeDriver only supports Chrome version 80
Build info: version: '3.141.59', revision: 'e82be7d358', time: '2018-11-14T08:17:03'
System info: host: 'DESKTOP-O326E1U', ip: '192.168.0.38', os.name: 'Windows 10', os.arch: 'amd64', os.version: '10.0', java.version: '13.0.1'
Driver info: driver.version: ChromeDriver
remote stacktrace: Backtrace:
	Ordinal0 [0x00480C83+1707139]
	Ordinal0 [0x003E68F1+1075441]
	Ordinal0 [0x0035DFC9+516041]
	Ordinal0 [0x002F0554+66900]
	Ordinal0 [0x002ECCE2+52450]
	Ordinal0 [0x0030BFD7+180183]
	Ordinal0 [0x0030BDDD+179677]
	Ordinal0 [0x00309D4B+171339]
	Ordinal0 [0x002F1D4A+73034]
	Ordinal0 [0x002F2DC0+77248]
	Ordinal0 [0x002F2D59+77145]
	Ordinal0 [0x003FBB67+1162087]
	GetHandleVerifier [0x0051A966+508998]
	GetHandleVerifier [0x0051A6A4+508292]
	GetHandleVerifier [0x0052F7B7+594583]
	GetHandleVerifier [0x0051B1D6+511158]
	Ordinal0 [0x003F402C+1130540]
	Ordinal0 [0x003FD4CB+1168587]
	Ordinal0 [0x003FD633+1168947]
	Ordinal0 [0x00415B35+1268533]
	BaseThreadInitThunk [0x75366359+25]
	RtlGetAppContainerNamedObjectPath [0x77B27B74+228]
	RtlGetAppContainerNamedObjectPath [0x77B27B44+180]

	at org.openqa.selenium.remote.W3CHandshakeResponse.lambda$errorHandler$0(W3CHandshakeResponse.java:62)
	at org.openqa.selenium.remote.HandshakeResponse.lambda$getResponseFunction$0(HandshakeResponse.java:30)
	at org.openqa.selenium.remote.ProtocolHandshake.lambda$createSession$0(ProtocolHandshake.java:126)
	at java.base/java.util.stream.ReferencePipeline$3$1.accept(ReferencePipeline.java:195)
	at java.base/java.util.Spliterators$ArraySpliterator.tryAdvance(Spliterators.java:958)
	at java.base/java.util.stream.ReferencePipeline.forEachWithCancel(ReferencePipeline.java:127)
	at java.base/java.util.stream.AbstractPipeline.copyIntoWithCancel(AbstractPipeline.java:502)
	at java.base/java.util.stream.AbstractPipeline.copyInto(AbstractPipeline.java:488)
	at java.base/java.util.stream.AbstractPipeline.wrapAndCopyInto(AbstractPipeline.java:474)
	at java.base/java.util.stream.FindOps$FindOp.evaluateSequential(FindOps.java:150)
	at java.base/java.util.stream.AbstractPipeline.evaluate(AbstractPipeline.java:234)
	at java.base/java.util.stream.ReferencePipeline.findFirst(ReferencePipeline.java:543)
	at org.openqa.selenium.remote.ProtocolHandshake.createSession(ProtocolHandshake.java:128)
	at org.openqa.selenium.remote.ProtocolHandshake.createSession(ProtocolHandshake.java:74)
	at org.openqa.selenium.remote.HttpCommandExecutor.execute(HttpCommandExecutor.java:136)
	at org.openqa.selenium.remote.service.DriverCommandExecutor.execute(DriverCommandExecutor.java:83)
	at org.openqa.selenium.remote.RemoteWebDriver.execute(RemoteWebDriver.java:552)
	at org.openqa.selenium.remote.RemoteWebDriver.startSession(RemoteWebDriver.java:213)
	at org.openqa.selenium.remote.RemoteWebDriver.<init>(RemoteWebDriver.java:131)
	at org.openqa.selenium.chrome.ChromeDriver.<init>(ChromeDriver.java:181)
	at org.openqa.selenium.chrome.ChromeDriver.<init>(ChromeDriver.java:168)
	at org.openqa.selenium.chrome.ChromeDriver.<init>(ChromeDriver.java:123)
	at com.myTest.BaseTest.setUpTest(BaseTest.java:25)
	at java.base/java.util.concurrent.ThreadPoolExecutor.runWorker(ThreadPoolExecutor.java:1128)
	at java.base/java.util.concurrent.ThreadPoolExecutor$Worker.run(ThreadPoolExecutor.java:628)
	at java.base/java.lang.Thread.run(Thread.java:830)
... Removed 17 stack frames]]>
    </failure>
  </testcase> <!-- @BeforeMethod setUpTest -->
  <testcase classname="com.myTest.LoginTest" name="verifyLoginPageTitleTest" time="0.0">
    <skipped/>
  </testcase> <!-- verifyLoginPageTitleTest -->
  <testcase classname="com.myTest.LoginTest" name="doLoginTest" time="0.0">
    <ignored/>
  </testcase> <!-- doLoginTest -->
  <testcase classname="com.myTest.LoginTest" name="verifyLoginPageHeaderTest" time="0.0">
    <ignored/>
  </testcase> <!-- verifyLoginPageHeaderTest -->
</testsuite> <!-- my monster tet chrome -->
